This file contains any messages produced by compilers while
running configure, to aid debugging if configure makes a mistake.

It was created by configure, which was
generated by GNU Autoconf 2.63.  Invocation command line was

  $ ./configure --with-saslauthd --with-ldap

## --------- ##
## Platform. ##
## --------- ##

hostname = Centos-Ind-Poker
uname -m = x86_64
uname -r = 2.6.18-164.el5
uname -s = Linux
uname -v = #1 SMP Thu Sep 3 03:28:30 EDT 2009

/usr/bin/uname -p = unknown
/bin/uname -X     = unknown

/bin/arch              = x86_64
/usr/bin/arch -k       = unknown
/usr/convex/getsysinfo = unknown
/usr/bin/hostinfo      = unknown
/bin/machine           = unknown
/usr/bin/oslevel       = unknown
/bin/universe          = unknown

PATH: /usr/kerberos/sbin
PATH: /usr/kerberos/bin
PATH: /usr/local/sbin
PATH: /usr/local/bin
PATH: /sbin
PATH: /bin
PATH: /usr/sbin
PATH: /usr/bin
PATH: /root/bin


## ----------- ##
## Core tests. ##
## ----------- ##

configure:2038: loading cache ./config.cache
configure:2090: checking build system type
configure:2108: result: x86_64-unknown-linux-gnu
configure:2130: checking host system type
configure:2145: result: x86_64-unknown-linux-gnu
configure:2167: checking target system type
configure:2182: result: x86_64-unknown-linux-gnu
configure:2227: checking for a BSD-compatible install
configure:2295: result: /usr/bin/install -c
configure:2306: checking whether build environment is sane
configure:2366: result: yes
configure:2507: checking for a thread-safe mkdir -p
configure:2546: result: /bin/mkdir -p
configure:2559: checking for gawk
configure:2586: result: gawk
configure:2597: checking whether make sets $(MAKE)
configure:2619: result: yes
configure:2781: checking for gcc
configure:2808: result: gcc
configure:3040: checking for C compiler version
configure:3048: gcc --version >&5
gcc (GCC) 4.1.2 20080704 (Red Hat 4.1.2-51)
Copyright (C) 2006 Free Software Foundation, Inc.
This is free software; see the source for copying conditions.  There is NO
warranty; not even for MERCHANTABILITY or FITNESS FOR A PARTICULAR PURPOSE.

configure:3052: $? = 0
configure:3059: gcc -v >&5
Using built-in specs.
Target: x86_64-redhat-linux
Configured with: ../configure --prefix=/usr --mandir=/usr/share/man --infodir=/usr/share/info --enable-shared --enable-threads=posix --enable-checking=release --with-system-zlib --enable-__cxa_atexit --disable-libunwind-exceptions --enable-libgcj-multifile --enable-languages=c,c++,objc,obj-c++,java,fortran,ada --enable-java-awt=gtk --disable-dssi --disable-plugin --with-java-home=/usr/lib/jvm/java-1.4.2-gcj-1.4.2.0/jre --with-cpu=generic --host=x86_64-redhat-linux
Thread model: posix
gcc version 4.1.2 20080704 (Red Hat 4.1.2-51)
configure:3063: $? = 0
configure:3070: gcc -V >&5
gcc: '-V' option must have argument
configure:3074: $? = 1
configure:3097: checking for C compiler default output file name
configure:3119: gcc    conftest.c  >&5
configure:3123: $? = 0
configure:3161: result: a.out
configure:3180: checking whether the C compiler works
configure:3190: ./a.out
configure:3194: $? = 0
configure:3213: result: yes
configure:3220: checking whether we are cross compiling
configure:3222: result: no
configure:3225: checking for suffix of executables
configure:3232: gcc -o conftest    conftest.c  >&5
configure:3236: $? = 0
configure:3262: result: 
configure:3268: checking for suffix of object files
configure:3323: result: o
configure:3327: checking whether we are using the GNU C compiler
configure:3380: result: yes
configure:3389: checking whether gcc accepts -g
configure:3527: result: yes
configure:3544: checking for gcc option to accept ISO C89
configure:3648: result: none needed
configure:3677: checking for style of include used by make
configure:3705: result: GNU
configure:3730: checking dependency style of gcc
configure:3840: result: gcc3
configure:3860: checking how to run the C preprocessor
configure:3978: result: gcc -E
configure:4007: gcc -E  conftest.c
configure:4014: $? = 0
configure:4045: gcc -E  conftest.c
conftest.c:10:28: error: ac_nonexistent.h: No such file or directory
configure:4052: $? = 1
configure: failed program was:
| /* confdefs.h.  */
| #define PACKAGE_NAME ""
| #define PACKAGE_TARNAME ""
| #define PACKAGE_VERSION ""
| #define PACKAGE_STRING ""
| #define PACKAGE_BUGREPORT ""
| #define PACKAGE "cyrus-sasl"
| #define VERSION "2.1.25"
| /* end confdefs.h.  */
| #include <ac_nonexistent.h>
configure:4095: checking for gawk
configure:4122: result: gawk
configure:4133: checking whether ln -s works
configure:4137: result: yes
configure:4144: checking whether make sets $(MAKE)
configure:4166: result: yes
configure:4189: checking for a BSD-compatible install
configure:4257: result: /usr/bin/install -c
configure:4270: checking for __attribute__
configure:4337: result: yes
configure:4343: checking for runpath switch
configure:4451: result: -Wl,-rpath,
configure:4580: checking for ranlib
configure:4607: result: ranlib
configure:4640: checking for ld used by GCC
configure:4697: result: /usr/bin/ld
configure:4706: checking if the linker (/usr/bin/ld) is GNU ld
configure:4718: result: yes
configure:4722: checking for BSD-compatible nm
configure:4756: result: /usr/bin/nm -B
ltconfig:603: checking for object suffix
ltconfig:604: gcc -c -g -O2  conftest.c 1>&5
ltconfig:781: checking if gcc PIC flag -fPIC works
ltconfig:782: gcc -c -g -O2 -fPIC -DPIC  conftest.c 1>&5
ltconfig:834: checking if gcc supports -c -o file.o
ltconfig:835: gcc -c -g -O2 -o out/conftest2.o  conftest.c 1>&5
ltconfig:867: checking if gcc supports -c -o file.lo
ltconfig:868: gcc -c -g -O2 -c -o conftest.lo  conftest.c 1>&5
ltconfig:919: checking if gcc supports -fno-rtti -fno-exceptions
ltconfig:920: gcc -c -g -O2 -fno-rtti -fno-exceptions -c conftest.c  conftest.c 1>&5
ltconfig:963: checking if gcc static flag -static works
ltconfig:964: gcc -o conftest -g -O2   -static conftest.c  1>&5
GNU ld version 2.17.50.0.6-12.el5 20061020
ltconfig:1662: checking if global_symbol_pipe works
ltconfig:1663: gcc -c -g -O2  conftest.c 1>&5
ltconfig:1666: eval "/usr/bin/nm -B conftest.o | sed -n -e 's/^.*[ 	]\([ABCDGISTW]\)[ 	][ 	]*\(\)\([_A-Za-z][_A-Za-z0-9]*\)$/\1 \2\3 \3/p' > conftest.nm"
ltconfig:1718: gcc -o conftest -g -O2 -fno-builtin   conftest.c conftstm.o 1>&5
configure:4969: loading cache ./config.cache
configure:5334: checking for connect
configure:5417: result: yes
configure:5564: checking for res_search
configure:5647: result: no
configure:5686: gcc -o conftest -Wall -W -g -O2   conftest.c -lresolv   >&5
conftest.c:11: error: expected identifier or '(' before '[' token
In file included from /usr/include/sys/uio.h:29,
                 from /usr/include/sys/socket.h:27,
                 from /usr/include/netinet/in.h:24,
                 from conftest.c:13:
/usr/include/bits/uio.h:47: error: expected specifier-qualifier-list before 'size_t'
In file included from /usr/include/sys/socket.h:35,
                 from /usr/include/netinet/in.h:24,
                 from conftest.c:13:
/usr/include/bits/socket.h:221: error: expected specifier-qualifier-list before 'size_t'
/usr/include/bits/socket.h:235: error: expected specifier-qualifier-list before 'size_t'
/usr/include/bits/socket.h: In function '__cmsg_nxthdr':
/usr/include/bits/socket.h:272: error: 'size_t' undeclared (first use in this function)
/usr/include/bits/socket.h:272: error: (Each undeclared identifier is reported only once
/usr/include/bits/socket.h:272: error: for each function it appears in.)
/usr/include/bits/socket.h:272: error: expected ')' before '__cmsg'
/usr/include/bits/socket.h:277: error: 'struct cmsghdr' has no member named 'cmsg_len'
/usr/include/bits/socket.h:277: error: expected ')' before '~' token
/usr/include/bits/socket.h:278: error: 'struct msghdr' has no member named 'msg_control'
/usr/include/bits/socket.h:279: error: 'struct msghdr' has no member named 'msg_controllen'
/usr/include/bits/socket.h:280: error: 'struct cmsghdr' has no member named 'cmsg_len'
/usr/include/bits/socket.h:280: error: expected ')' before '~' token
/usr/include/bits/socket.h:281: error: 'struct msghdr' has no member named 'msg_control'
/usr/include/bits/socket.h:281: error: 'struct msghdr' has no member named 'msg_controllen'
In file included from /usr/include/netinet/in.h:24,
                 from conftest.c:13:
/usr/include/sys/socket.h: At top level:
/usr/include/sys/socket.h:136: error: expected declaration specifiers or '...' before 'size_t'
/usr/include/sys/socket.h:143: error: expected declaration specifiers or '...' before 'size_t'
/usr/include/sys/socket.h:150: error: expected declaration specifiers or '...' before 'size_t'
/usr/include/sys/socket.h:161: error: expected declaration specifiers or '...' before 'size_t'
In file included from conftest.c:14:
/usr/include/arpa/nameser.h:511: error: expected declaration specifiers or '...' before 'size_t'
/usr/include/arpa/nameser.h:513: error: expected declaration specifiers or '...' before 'size_t'
/usr/include/arpa/nameser.h:515: error: expected declaration specifiers or '...' before 'size_t'
/usr/include/arpa/nameser.h:516: error: expected declaration specifiers or '...' before 'size_t'
/usr/include/arpa/nameser.h:517: error: expected declaration specifiers or '...' before 'size_t'
/usr/include/arpa/nameser.h:520: error: expected declaration specifiers or '...' before 'size_t'
/usr/include/arpa/nameser.h:521: error: expected declaration specifiers or '...' before 'size_t'
/usr/include/arpa/nameser.h:522: error: expected declaration specifiers or '...' before 'size_t'
/usr/include/arpa/nameser.h:524: error: expected declaration specifiers or '...' before 'size_t'
/usr/include/arpa/nameser.h:528: error: expected declaration specifiers or '...' before 'size_t'
/usr/include/arpa/nameser.h:529: error: expected declaration specifiers or '...' before 'size_t'
/usr/include/arpa/nameser.h:549: error: expected declaration specifiers or '...' before 'size_t'
conftest.c:18:20: warning: extra tokens at end of #include directive
In file included from /usr/include/_G_config.h:44,
                 from /usr/include/libio.h:32,
                 from /usr/include/stdio.h:72,
                 from /usr/include/resolv.h:64,
                 from conftest.c:18:
/usr/include/gconv.h:72: error: expected declaration specifiers or '...' before 'size_t'
/usr/include/gconv.h:88: error: expected declaration specifiers or '...' before 'size_t'
/usr/include/gconv.h:97: error: expected declaration specifiers or '...' before 'size_t'
/usr/include/gconv.h:174: error: expected specifier-qualifier-list before 'size_t'
In file included from /usr/include/stdio.h:72,
                 from /usr/include/resolv.h:64,
                 from conftest.c:18:
/usr/include/libio.h:329: error: expected specifier-qualifier-list before 'size_t'
/usr/include/libio.h:361: error: expected declaration specifiers or '...' before 'size_t'
/usr/include/libio.h:370: error: expected declaration specifiers or '...' before 'size_t'
/usr/include/libio.h:486: error: expected '=', ',', ';', 'asm' or '__attribute__' before '_IO_sgetn'
In file included from /usr/include/resolv.h:64,
                 from conftest.c:18:
/usr/include/stdio.h:308: error: expected declaration specifiers or '...' before 'size_t'
/usr/include/stdio.h:315: error: expected declaration specifiers or '...' before 'size_t'
/usr/include/stdio.h:357: error: expected declaration specifiers or '...' before 'size_t'
/usr/include/stdio.h:359: error: format string argument not a string type
/usr/include/stdio.h:361: error: expected declaration specifiers or '...' before 'size_t'
/usr/include/stdio.h:363: error: format string argument not a string type
/usr/include/stdio.h:610: error: expected '=', ',', ';', 'asm' or '__attribute__' before 'fread'
/usr/include/stdio.h:616: error: expected '=', ',', ';', 'asm' or '__attribute__' before 'fwrite'
/usr/include/stdio.h:638: error: expected '=', ',', ';', 'asm' or '__attribute__' before 'fread_unlocked'
/usr/include/stdio.h:640: error: expected '=', ',', ';', 'asm' or '__attribute__' before 'fwrite_unlocked'
In file included from conftest.c:18:
/usr/include/resolv.h:323: error: expected declaration specifiers or '...' before 'size_t'
/usr/include/resolv.h:323: error: expected declaration specifiers or '...' before 'size_t'
/usr/include/resolv.h:324: error: expected declaration specifiers or '...' before 'size_t'
/usr/include/resolv.h:360: error: expected declaration specifiers or '...' before 'size_t'
conftest.c: In function 'main':
conftest.c:22: error: expected expression before '[' token
configure:5693: $? = 1
configure: failed program was:
| /* confdefs.h.  */
| #define PACKAGE_NAME ""
| #define PACKAGE_TARNAME ""
| #define PACKAGE_VERSION ""
| #define PACKAGE_STRING ""
| #define PACKAGE_BUGREPORT ""
| #define PACKAGE "cyrus-sasl"
| #define VERSION "2.1.25"
| #define HAVE___ATTRIBUTE__ 1
| /* end confdefs.h.  */
| [
| #include <sys/types.h>
| #include <netinet/in.h>
| #include <arpa/nameser.h>
| #ifdef HAVE_ARPA_NAMESER_COMPAT_H
| #include <arpa/nameser_compat.h>
| #endif
| #include <resolv.h>]
| int
| main ()
| {
| [
| const char host[12]="openafs.org";
| u_char ans[1024];
| res_search( host, C_IN, T_MX, (u_char *)&ans, sizeof(ans));
| return 0;
| ]
|   ;
|   return 0;
| }
configure:5721: checking for dn_expand
configure:5806: result: no
configure:5721: checking for dns_lookup
configure:5806: result: no
configure:5831: checking DB path to use
configure:5833: result: /etc/sasldb2
configure:5841: checking for grep that handles long lines and -e
configure:5901: result: /bin/grep
configure:5906: checking for egrep
configure:5970: result: /bin/grep -E
configure:5975: checking for ANSI C header files
configure:6143: result: yes
configure:6167: checking for sys/types.h
configure:6212: result: yes
configure:6167: checking for sys/stat.h
configure:6212: result: yes
configure:6167: checking for stdlib.h
configure:6212: result: yes
configure:6167: checking for string.h
configure:6212: result: yes
configure:6167: checking for memory.h
configure:6212: result: yes
configure:6167: checking for strings.h
configure:6212: result: yes
configure:6167: checking for inttypes.h
configure:6212: result: yes
configure:6167: checking for stdint.h
configure:6212: result: yes
configure:6167: checking for unistd.h
configure:6212: result: yes
configure:7083: checking for db.h
configure:7088: result: yes
configure:7260: gcc -o conftest -Wall -W -g -O2   conftest.c  -ldb-4.7 >&5
/usr/bin/ld: cannot find -ldb-4.7
collect2: ld returned 1 exit status
configure:7267: $? = 1
configure: failed program was:
| /* confdefs.h.  */
| #define PACKAGE_NAME ""
| #define PACKAGE_TARNAME ""
| #define PACKAGE_VERSION ""
| #define PACKAGE_STRING ""
| #define PACKAGE_BUGREPORT ""
| #define PACKAGE "cyrus-sasl"
| #define VERSION "2.1.25"
| #define HAVE___ATTRIBUTE__ 1
| #define SASL_DB_PATH "/etc/sasldb2"
| #define STDC_HEADERS 1
| #define HAVE_SYS_TYPES_H 1
| #define HAVE_SYS_STAT_H 1
| #define HAVE_STDLIB_H 1
| #define HAVE_STRING_H 1
| #define HAVE_MEMORY_H 1
| #define HAVE_STRINGS_H 1
| #define HAVE_INTTYPES_H 1
| #define HAVE_STDINT_H 1
| #define HAVE_UNISTD_H 1
| /* end confdefs.h.  */
| #include <stdio.h>
| #include <db.h>
| int
| main ()
| {
| db_create(NULL, NULL, 0);
|   ;
|   return 0;
| }
configure:7260: gcc -o conftest -Wall -W -g -O2   conftest.c  -ldb4.7 >&5
/usr/bin/ld: cannot find -ldb4.7
collect2: ld returned 1 exit status
configure:7267: $? = 1
configure: failed program was:
| /* confdefs.h.  */
| #define PACKAGE_NAME ""
| #define PACKAGE_TARNAME ""
| #define PACKAGE_VERSION ""
| #define PACKAGE_STRING ""
| #define PACKAGE_BUGREPORT ""
| #define PACKAGE "cyrus-sasl"
| #define VERSION "2.1.25"
| #define HAVE___ATTRIBUTE__ 1
| #define SASL_DB_PATH "/etc/sasldb2"
| #define STDC_HEADERS 1
| #define HAVE_SYS_TYPES_H 1
| #define HAVE_SYS_STAT_H 1
| #define HAVE_STDLIB_H 1
| #define HAVE_STRING_H 1
| #define HAVE_MEMORY_H 1
| #define HAVE_STRINGS_H 1
| #define HAVE_INTTYPES_H 1
| #define HAVE_STDINT_H 1
| #define HAVE_UNISTD_H 1
| /* end confdefs.h.  */
| #include <stdio.h>
| #include <db.h>
| int
| main ()
| {
| db_create(NULL, NULL, 0);
|   ;
|   return 0;
| }
configure:7260: gcc -o conftest -Wall -W -g -O2   conftest.c  -ldb47 >&5
/usr/bin/ld: cannot find -ldb47
collect2: ld returned 1 exit status
configure:7267: $? = 1
configure: failed program was:
| /* confdefs.h.  */
| #define PACKAGE_NAME ""
| #define PACKAGE_TARNAME ""
| #define PACKAGE_VERSION ""
| #define PACKAGE_STRING ""
| #define PACKAGE_BUGREPORT ""
| #define PACKAGE "cyrus-sasl"
| #define VERSION "2.1.25"
| #define HAVE___ATTRIBUTE__ 1
| #define SASL_DB_PATH "/etc/sasldb2"
| #define STDC_HEADERS 1
| #define HAVE_SYS_TYPES_H 1
| #define HAVE_SYS_STAT_H 1
| #define HAVE_STDLIB_H 1
| #define HAVE_STRING_H 1
| #define HAVE_MEMORY_H 1
| #define HAVE_STRINGS_H 1
| #define HAVE_INTTYPES_H 1
| #define HAVE_STDINT_H 1
| #define HAVE_UNISTD_H 1
| /* end confdefs.h.  */
| #include <stdio.h>
| #include <db.h>
| int
| main ()
| {
| db_create(NULL, NULL, 0);
|   ;
|   return 0;
| }
configure:7260: gcc -o conftest -Wall -W -g -O2   conftest.c  -ldb-4.6 >&5
/usr/bin/ld: cannot find -ldb-4.6
collect2: ld returned 1 exit status
configure:7267: $? = 1
configure: failed program was:
| /* confdefs.h.  */
| #define PACKAGE_NAME ""
| #define PACKAGE_TARNAME ""
| #define PACKAGE_VERSION ""
| #define PACKAGE_STRING ""
| #define PACKAGE_BUGREPORT ""
| #define PACKAGE "cyrus-sasl"
| #define VERSION "2.1.25"
| #define HAVE___ATTRIBUTE__ 1
| #define SASL_DB_PATH "/etc/sasldb2"
| #define STDC_HEADERS 1
| #define HAVE_SYS_TYPES_H 1
| #define HAVE_SYS_STAT_H 1
| #define HAVE_STDLIB_H 1
| #define HAVE_STRING_H 1
| #define HAVE_MEMORY_H 1
| #define HAVE_STRINGS_H 1
| #define HAVE_INTTYPES_H 1
| #define HAVE_STDINT_H 1
| #define HAVE_UNISTD_H 1
| /* end confdefs.h.  */
| #include <stdio.h>
| #include <db.h>
| int
| main ()
| {
| db_create(NULL, NULL, 0);
|   ;
|   return 0;
| }
configure:7260: gcc -o conftest -Wall -W -g -O2   conftest.c  -ldb4.6 >&5
/usr/bin/ld: cannot find -ldb4.6
collect2: ld returned 1 exit status
configure:7267: $? = 1
configure: failed program was:
| /* confdefs.h.  */
| #define PACKAGE_NAME ""
| #define PACKAGE_TARNAME ""
| #define PACKAGE_VERSION ""
| #define PACKAGE_STRING ""
| #define PACKAGE_BUGREPORT ""
| #define PACKAGE "cyrus-sasl"
| #define VERSION "2.1.25"
| #define HAVE___ATTRIBUTE__ 1
| #define SASL_DB_PATH "/etc/sasldb2"
| #define STDC_HEADERS 1
| #define HAVE_SYS_TYPES_H 1
| #define HAVE_SYS_STAT_H 1
| #define HAVE_STDLIB_H 1
| #define HAVE_STRING_H 1
| #define HAVE_MEMORY_H 1
| #define HAVE_STRINGS_H 1
| #define HAVE_INTTYPES_H 1
| #define HAVE_STDINT_H 1
| #define HAVE_UNISTD_H 1
| /* end confdefs.h.  */
| #include <stdio.h>
| #include <db.h>
| int
| main ()
| {
| db_create(NULL, NULL, 0);
|   ;
|   return 0;
| }
configure:7260: gcc -o conftest -Wall -W -g -O2   conftest.c  -ldb46 >&5
/usr/bin/ld: cannot find -ldb46
collect2: ld returned 1 exit status
configure:7267: $? = 1
configure: failed program was:
| /* confdefs.h.  */
| #define PACKAGE_NAME ""
| #define PACKAGE_TARNAME ""
| #define PACKAGE_VERSION ""
| #define PACKAGE_STRING ""
| #define PACKAGE_BUGREPORT ""
| #define PACKAGE "cyrus-sasl"
| #define VERSION "2.1.25"
| #define HAVE___ATTRIBUTE__ 1
| #define SASL_DB_PATH "/etc/sasldb2"
| #define STDC_HEADERS 1
| #define HAVE_SYS_TYPES_H 1
| #define HAVE_SYS_STAT_H 1
| #define HAVE_STDLIB_H 1
| #define HAVE_STRING_H 1
| #define HAVE_MEMORY_H 1
| #define HAVE_STRINGS_H 1
| #define HAVE_INTTYPES_H 1
| #define HAVE_STDINT_H 1
| #define HAVE_UNISTD_H 1
| /* end confdefs.h.  */
| #include <stdio.h>
| #include <db.h>
| int
| main ()
| {
| db_create(NULL, NULL, 0);
|   ;
|   return 0;
| }
configure:7260: gcc -o conftest -Wall -W -g -O2   conftest.c  -ldb-4.5 >&5
/usr/bin/ld: cannot find -ldb-4.5
collect2: ld returned 1 exit status
configure:7267: $? = 1
configure: failed program was:
| /* confdefs.h.  */
| #define PACKAGE_NAME ""
| #define PACKAGE_TARNAME ""
| #define PACKAGE_VERSION ""
| #define PACKAGE_STRING ""
| #define PACKAGE_BUGREPORT ""
| #define PACKAGE "cyrus-sasl"
| #define VERSION "2.1.25"
| #define HAVE___ATTRIBUTE__ 1
| #define SASL_DB_PATH "/etc/sasldb2"
| #define STDC_HEADERS 1
| #define HAVE_SYS_TYPES_H 1
| #define HAVE_SYS_STAT_H 1
| #define HAVE_STDLIB_H 1
| #define HAVE_STRING_H 1
| #define HAVE_MEMORY_H 1
| #define HAVE_STRINGS_H 1
| #define HAVE_INTTYPES_H 1
| #define HAVE_STDINT_H 1
| #define HAVE_UNISTD_H 1
| /* end confdefs.h.  */
| #include <stdio.h>
| #include <db.h>
| int
| main ()
| {
| db_create(NULL, NULL, 0);
|   ;
|   return 0;
| }
configure:7260: gcc -o conftest -Wall -W -g -O2   conftest.c  -ldb4.5 >&5
/usr/bin/ld: cannot find -ldb4.5
collect2: ld returned 1 exit status
configure:7267: $? = 1
configure: failed program was:
| /* confdefs.h.  */
| #define PACKAGE_NAME ""
| #define PACKAGE_TARNAME ""
| #define PACKAGE_VERSION ""
| #define PACKAGE_STRING ""
| #define PACKAGE_BUGREPORT ""
| #define PACKAGE "cyrus-sasl"
| #define VERSION "2.1.25"
| #define HAVE___ATTRIBUTE__ 1
| #define SASL_DB_PATH "/etc/sasldb2"
| #define STDC_HEADERS 1
| #define HAVE_SYS_TYPES_H 1
| #define HAVE_SYS_STAT_H 1
| #define HAVE_STDLIB_H 1
| #define HAVE_STRING_H 1
| #define HAVE_MEMORY_H 1
| #define HAVE_STRINGS_H 1
| #define HAVE_INTTYPES_H 1
| #define HAVE_STDINT_H 1
| #define HAVE_UNISTD_H 1
| /* end confdefs.h.  */
| #include <stdio.h>
| #include <db.h>
| int
| main ()
| {
| db_create(NULL, NULL, 0);
|   ;
|   return 0;
| }
configure:7260: gcc -o conftest -Wall -W -g -O2   conftest.c  -ldb45 >&5
/usr/bin/ld: cannot find -ldb45
collect2: ld returned 1 exit status
configure:7267: $? = 1
configure: failed program was:
| /* confdefs.h.  */
| #define PACKAGE_NAME ""
| #define PACKAGE_TARNAME ""
| #define PACKAGE_VERSION ""
| #define PACKAGE_STRING ""
| #define PACKAGE_BUGREPORT ""
| #define PACKAGE "cyrus-sasl"
| #define VERSION "2.1.25"
| #define HAVE___ATTRIBUTE__ 1
| #define SASL_DB_PATH "/etc/sasldb2"
| #define STDC_HEADERS 1
| #define HAVE_SYS_TYPES_H 1
| #define HAVE_SYS_STAT_H 1
| #define HAVE_STDLIB_H 1
| #define HAVE_STRING_H 1
| #define HAVE_MEMORY_H 1
| #define HAVE_STRINGS_H 1
| #define HAVE_INTTYPES_H 1
| #define HAVE_STDINT_H 1
| #define HAVE_UNISTD_H 1
| /* end confdefs.h.  */
| #include <stdio.h>
| #include <db.h>
| int
| main ()
| {
| db_create(NULL, NULL, 0);
|   ;
|   return 0;
| }
configure:7260: gcc -o conftest -Wall -W -g -O2   conftest.c  -ldb-4.4 >&5
/usr/bin/ld: cannot find -ldb-4.4
collect2: ld returned 1 exit status
configure:7267: $? = 1
configure: failed program was:
| /* confdefs.h.  */
| #define PACKAGE_NAME ""
| #define PACKAGE_TARNAME ""
| #define PACKAGE_VERSION ""
| #define PACKAGE_STRING ""
| #define PACKAGE_BUGREPORT ""
| #define PACKAGE "cyrus-sasl"
| #define VERSION "2.1.25"
| #define HAVE___ATTRIBUTE__ 1
| #define SASL_DB_PATH "/etc/sasldb2"
| #define STDC_HEADERS 1
| #define HAVE_SYS_TYPES_H 1
| #define HAVE_SYS_STAT_H 1
| #define HAVE_STDLIB_H 1
| #define HAVE_STRING_H 1
| #define HAVE_MEMORY_H 1
| #define HAVE_STRINGS_H 1
| #define HAVE_INTTYPES_H 1
| #define HAVE_STDINT_H 1
| #define HAVE_UNISTD_H 1
| /* end confdefs.h.  */
| #include <stdio.h>
| #include <db.h>
| int
| main ()
| {
| db_create(NULL, NULL, 0);
|   ;
|   return 0;
| }
configure:7260: gcc -o conftest -Wall -W -g -O2   conftest.c  -ldb4.4 >&5
/usr/bin/ld: cannot find -ldb4.4
collect2: ld returned 1 exit status
configure:7267: $? = 1
configure: failed program was:
| /* confdefs.h.  */
| #define PACKAGE_NAME ""
| #define PACKAGE_TARNAME ""
| #define PACKAGE_VERSION ""
| #define PACKAGE_STRING ""
| #define PACKAGE_BUGREPORT ""
| #define PACKAGE "cyrus-sasl"
| #define VERSION "2.1.25"
| #define HAVE___ATTRIBUTE__ 1
| #define SASL_DB_PATH "/etc/sasldb2"
| #define STDC_HEADERS 1
| #define HAVE_SYS_TYPES_H 1
| #define HAVE_SYS_STAT_H 1
| #define HAVE_STDLIB_H 1
| #define HAVE_STRING_H 1
| #define HAVE_MEMORY_H 1
| #define HAVE_STRINGS_H 1
| #define HAVE_INTTYPES_H 1
| #define HAVE_STDINT_H 1
| #define HAVE_UNISTD_H 1
| /* end confdefs.h.  */
| #include <stdio.h>
| #include <db.h>
| int
| main ()
| {
| db_create(NULL, NULL, 0);
|   ;
|   return 0;
| }
configure:7260: gcc -o conftest -Wall -W -g -O2   conftest.c  -ldb44 >&5
/usr/bin/ld: cannot find -ldb44
collect2: ld returned 1 exit status
configure:7267: $? = 1
configure: failed program was:
| /* confdefs.h.  */
| #define PACKAGE_NAME ""
| #define PACKAGE_TARNAME ""
| #define PACKAGE_VERSION ""
| #define PACKAGE_STRING ""
| #define PACKAGE_BUGREPORT ""
| #define PACKAGE "cyrus-sasl"
| #define VERSION "2.1.25"
| #define HAVE___ATTRIBUTE__ 1
| #define SASL_DB_PATH "/etc/sasldb2"
| #define STDC_HEADERS 1
| #define HAVE_SYS_TYPES_H 1
| #define HAVE_SYS_STAT_H 1
| #define HAVE_STDLIB_H 1
| #define HAVE_STRING_H 1
| #define HAVE_MEMORY_H 1
| #define HAVE_STRINGS_H 1
| #define HAVE_INTTYPES_H 1
| #define HAVE_STDINT_H 1
| #define HAVE_UNISTD_H 1
| /* end confdefs.h.  */
| #include <stdio.h>
| #include <db.h>
| int
| main ()
| {
| db_create(NULL, NULL, 0);
|   ;
|   return 0;
| }
configure:7260: gcc -o conftest -Wall -W -g -O2   conftest.c  -ldb-4.3 >&5
configure:7267: $? = 0
configure:7880: checking DB library to use
configure:7882: result: berkeley
configure:7981: checking if Berkeley DB handle is kept open in SASLDB
configure:7983: result: no
configure:7986: checking for dlopen in -ldl
configure:8049: result: yes
configure:8068: checking /dev/random to use
configure:8070: result: /dev/random
configure:8083: checking for nm
configure:8110: result: /usr/bin/nm -B
configure:8122: checking for underscore before symbols
configure:8138: result: no
configure:8223: checking for syslog
configure:8308: result: yes
configure:8340: checking for security/pam_appl.h
configure:8347: result: yes
configure:8340: checking for pam/pam_appl.h
configure:8347: result: no
configure:8482: checking for pam_start
configure:8565: result: no
configure:8607: gcc -o conftest -Wall -W -g -O2    conftest.c -lpam  >&5
conftest.c: In function 'main':
conftest.c:40: error: 'pam_handle_t' undeclared (first use in this function)
conftest.c:40: error: (Each undeclared identifier is reported only once
conftest.c:40: error: for each function it appears in.)
conftest.c:40: error: 'pamh' undeclared (first use in this function)
conftest.c:43: warning: implicit declaration of function 'pam_start'
configure:8614: $? = 1
configure: failed program was:
| /* confdefs.h.  */
| #define PACKAGE_NAME ""
| #define PACKAGE_TARNAME ""
| #define PACKAGE_VERSION ""
| #define PACKAGE_STRING ""
| #define PACKAGE_BUGREPORT ""
| #define PACKAGE "cyrus-sasl"
| #define VERSION "2.1.25"
| #define HAVE___ATTRIBUTE__ 1
| #define SASL_DB_PATH "/etc/sasldb2"
| #define STDC_HEADERS 1
| #define HAVE_SYS_TYPES_H 1
| #define HAVE_SYS_STAT_H 1
| #define HAVE_STDLIB_H 1
| #define HAVE_STRING_H 1
| #define HAVE_MEMORY_H 1
| #define HAVE_STRINGS_H 1
| #define HAVE_INTTYPES_H 1
| #define HAVE_STDINT_H 1
| #define HAVE_UNISTD_H 1
| #define SASL_BERKELEYDB /**/
| #define SASL_DEV_RANDOM "/dev/random"
| #define HAVE_SYSLOG 1
| #define HAVE_SECURITY_PAM_APPL_H 1
| /* end confdefs.h.  */
| 
| #include <sys/types.h>
| #ifdef HAVE_PAM_PAM_APPL_H
| #include <pam/pam_appl.h>
| #endif
| #ifdef HAVE_SECURITY_PAM_H
| #include <security/pam_appl.h>
| #endif
| int
| main ()
| {
| 
| const char *service="foo";
| const char *user="bar";
| pam_handle_t *pamh;
| struct pam_conv *conv;
| int baz;
| baz = pam_start(service, user, conv, &pamh);
| return 0;
| 
|   ;
|   return 0;
| }
configure:8670: checking if I should include saslauthd
configure:8672: result: /var/state/saslauthd
configure:8698: checking to include Courier authdaemond support
configure:8700: result: /dev/null
configure:8826: checking if I should include pwcheck
configure:8828: result: no
configure:8866: checking if I should include the alwaystrue verifier
configure:8868: result: no
configure:8879: checking if we should enable sasl_checkapop
configure:8882: result: enabled
configure:8902: checking CRAM-MD5
configure:8905: result: enabled
configure:8935: checking size of long
configure:9280: result: 8
configure:9290: checking what directory libraries are found in
configure:9309: result: lib64
configure:9345: checking for RSAPublicEncrypt in -lrsaref
configure:9408: result: no
configure:9489: checking for openssl/evp.h
configure:9494: result: yes
configure:9617: checking for EVP_DigestInit in -lcrypto
configure:9680: result: yes
configure:9707: checking for OpenSSL
configure:9709: result: yes
configure:9730: checking for des_cbc_encrypt in -lcrypto
configure:9793: result: no
configure:9943: checking for DES_cbc_encrypt in -lcrypto
configure:10006: result: yes
configure:10011: checking for openssl/des.h
configure:10016: result: yes
configure:10701: checking DIGEST-MD5
configure:10704: result: enabled
configure:10735: checking SCRAM
configure:10738: result: enabled
configure:10773: checking OTP
configure:10776: result: enabled
configure:10800: checking for opiechallenge in -lopie
configure:10863: result: no
configure:11016: checking for OPIE
configure:11018: result: no
configure:11051: checking SRP
configure:11094: result: disabled
configure:11751: checking KERBEROS_V4
configure:11771: result: disabled
configure:11776: checking for crypt
configure:11859: result: no
configure:11864: checking for crypt in -lcrypt
configure:11927: result: yes
configure:12008: checking for gssapi.h
configure:12013: result: yes
configure:12280: checking for gssapi/gssapi_ext.h
configure:12287: result: no
configure:12443: checking for res_search in -lresolv
configure:12506: result: no
configure:12534: checking for gss_unwrap in -lgssapi
configure:12597: result: no
configure:12612: checking for krb5int_getspecific in -lkrb5support
configure:12675: result: yes
configure:12683: checking for gss_unwrap in -lgssapi_krb5
configure:12746: result: yes
configure:13250: checking GSSAPI
configure:13253: result: with implementation mit
configure:13255: checking for res_search in -lresolv
configure:13318: result: no
configure:13339: checking for gsskrb5_register_acceptor_identity
configure:13424: result: no
configure:13440: checking for gss_decapsulate_token
configure:13525: result: no
configure:13541: checking for gss_encapsulate_token
configure:13626: result: no
configure:13642: checking for gss_oid_equal
configure:13727: result: no
configure:13747: checking for gss_get_name_attribute
configure:13832: result: no
configure:13864: checking to use mutexes aroung GSS calls
configure:13880: result: yes
configure:13903: checking PLAIN
configure:13906: result: enabled
configure:13932: checking ANONYMOUS
configure:13935: result: enabled
configure:13960: checking LOGIN
configure:13976: result: disabled
configure:13994: checking NTLM
configure:14013: result: disabled
configure:14031: checking PASSDSS
configure:14050: result: disabled
configure:14076: checking SQL
configure:14092: result: disabled
configure:14718: checking LDAPDB
configure:15071: result: disabled
configure:15148: checking for dmalloc library
configure:15190: result: no
configure:15196: checking for sfio library
configure:15264: result: no
configure:15280: checking for getsubopt
configure:15363: result: yes
configure:15388: checking for snprintf
configure:15471: result: yes
configure:15483: checking for vsnprintf
configure:15566: result: yes
configure:15592: checking for inet_aton in -lresolv
configure:15655: result: yes
configure:15670: checking for getaddrinfo
configure:15753: result: yes
configure:16057: checking for gai_strerror
configure:16140: result: yes
configure:16471: checking for getnameinfo
configure:16554: result: yes
configure:16881: checking for an ANSI C-conforming const
configure:16978: result: yes
configure:16988: checking for inline
configure:17039: result: inline
configure:17058: checking for mode_t
configure:17150: result: yes
configure:17162: checking for pid_t
configure:17254: result: yes
configure:17266: checking return type of signal handlers
configure:17316: result: void
configure:17325: checking whether time.h and sys/time.h may both be included
configure:17377: result: yes
configure:17387: checking for ANSI C header files
configure:17555: result: yes
configure:17573: checking for dirent.h that defines DIR
configure:17626: result: yes
configure:17641: checking for library containing opendir
configure:17720: result: none required
configure:17818: checking for sys/wait.h that is POSIX.1 compatible
configure:17876: result: yes
configure:17907: checking for des.h
configure:17914: result: no
configure:17907: checking for dlfcn.h
configure:17914: result: yes
configure:17907: checking for fcntl.h
configure:17914: result: yes
configure:17907: checking for limits.h
configure:17914: result: yes
configure:17907: checking for malloc.h
configure:17914: result: yes
configure:17907: checking for paths.h
configure:17914: result: yes
configure:17907: checking for strings.h
configure:17914: result: yes
configure:17907: checking for sys/file.h
configure:17914: result: yes
configure:17907: checking for sys/time.h
configure:17914: result: yes
configure:17907: checking for syslog.h
configure:17914: result: yes
configure:17907: checking for unistd.h
configure:17914: result: yes
configure:17907: checking for inttypes.h
configure:17914: result: yes
configure:17907: checking for sys/uio.h
configure:17914: result: yes
configure:17907: checking for sys/param.h
configure:17914: result: yes
configure:17907: checking for sysexits.h
configure:17914: result: yes
configure:17907: checking for stdarg.h
configure:17914: result: yes
configure:17907: checking for varargs.h
configure:17914: result: no
configure:18050: checking whether you have ss_family in struct sockaddr_storage
configure:18108: result: yes
configure:18111: checking whether you have sa_len in struct sockaddr
configure:18169: result: no
configure:18172: checking for socklen_t
configure:18235: result: yes
configure:18261: checking for gethostname
configure:18346: result: yes
configure:18261: checking for getdomainname
configure:18346: result: yes
configure:18261: checking for getpwnam
configure:18346: result: yes
configure:18261: checking for getspnam
configure:18346: result: yes
configure:18261: checking for gettimeofday
configure:18346: result: yes
configure:18261: checking for inet_aton
configure:18346: result: yes
configure:18261: checking for memcpy
configure:18346: result: yes
configure:18261: checking for mkdir
configure:18346: result: yes
configure:18261: checking for select
configure:18346: result: yes
configure:18261: checking for socket
configure:18346: result: yes
configure:18261: checking for strchr
configure:18346: result: yes
configure:18261: checking for strdup
configure:18346: result: yes
configure:18261: checking for strerror
configure:18346: result: yes
configure:18261: checking for strspn
configure:18346: result: yes
configure:18261: checking for strstr
configure:18346: result: yes
configure:18261: checking for strtol
configure:18346: result: yes
configure:18261: checking for jrand48
configure:18346: result: yes
configure:18261: checking for getpassphrase
configure:18346: result: no
configure:18478: updating cache ./config.cache
configure:18579: creating ./config.status

## ---------------------- ##
## Running config.status. ##
## ---------------------- ##

This file was extended by config.status, which was
generated by GNU Autoconf 2.63.  Invocation command line was

  CONFIG_FILES    = 
  CONFIG_HEADERS  = 
  CONFIG_LINKS    = 
  CONFIG_COMMANDS = 
  $ ./config.status 

on Centos-Ind-Poker

config.status:941: creating Makefile
config.status:941: creating include/Makefile
config.status:941: creating sasldb/Makefile
config.status:941: creating plugins/Makefile
config.status:941: creating lib/Makefile
config.status:941: creating utils/Makefile
config.status:941: creating doc/Makefile
config.status:941: creating sample/Makefile
config.status:941: creating java/Makefile
config.status:941: creating java/CyrusSasl/Makefile
config.status:941: creating java/Test/Makefile
config.status:941: creating java/javax/Makefile
config.status:941: creating java/javax/security/Makefile
config.status:941: creating java/javax/security/auth/Makefile
config.status:941: creating java/javax/security/auth/callback/Makefile
config.status:941: creating pwcheck/Makefile
config.status:941: creating man/Makefile
config.status:941: creating config.h
config.status:1163: config.h is unchanged
config.status:1215: executing depfiles commands
configure:19997: === configuring in saslauthd (/root/cyrus-sasl-2.1.25/saslauthd)
configure:20100: running /bin/sh ./configure --disable-option-checking '--prefix=/usr/local'  '--with-saslauthd' '--with-ldap' --cache-file=.././config.cache --srcdir=.

## ---------------- ##
## Cache variables. ##
## ---------------- ##

ac_cv___attribute__=yes
ac_cv_build=x86_64-unknown-linux-gnu
ac_cv_c_compiler_gnu=yes
ac_cv_c_const=yes
ac_cv_c_inline=inline
ac_cv_can_build_shared=yes
ac_cv_cmu_lib_subdir=lib64
ac_cv_env_CC_set=
ac_cv_env_CC_value=
ac_cv_env_CFLAGS_set=
ac_cv_env_CFLAGS_value=
ac_cv_env_CPPFLAGS_set=
ac_cv_env_CPPFLAGS_value=
ac_cv_env_CPP_set=
ac_cv_env_CPP_value=
ac_cv_env_LDFLAGS_set=
ac_cv_env_LDFLAGS_value=
ac_cv_env_LIBS_set=
ac_cv_env_LIBS_value=
ac_cv_env_build_alias_set=
ac_cv_env_build_alias_value=
ac_cv_env_host_alias_set=
ac_cv_env_host_alias_value=
ac_cv_env_target_alias_set=
ac_cv_env_target_alias_value=
ac_cv_exeext=
ac_cv_func_connect=yes
ac_cv_func_crypt=no
ac_cv_func_dn_expand=no
ac_cv_func_dns_lookup=no
ac_cv_func_gai_strerror=yes
ac_cv_func_getaddrinfo=yes
ac_cv_func_getdomainname=yes
ac_cv_func_gethostname=yes
ac_cv_func_getnameinfo=yes
ac_cv_func_getpassphrase=no
ac_cv_func_getpwnam=yes
ac_cv_func_getspnam=yes
ac_cv_func_getsubopt=yes
ac_cv_func_gettimeofday=yes
ac_cv_func_gss_decapsulate_token=no
ac_cv_func_gss_encapsulate_token=no
ac_cv_func_gss_get_name_attribute=no
ac_cv_func_gss_oid_equal=no
ac_cv_func_gsskrb5_register_acceptor_identity=no
ac_cv_func_inet_aton=yes
ac_cv_func_jrand48=yes
ac_cv_func_memcpy=yes
ac_cv_func_mkdir=yes
ac_cv_func_pam_start=no
ac_cv_func_res_search=no
ac_cv_func_select=yes
ac_cv_func_snprintf=yes
ac_cv_func_socket=yes
ac_cv_func_strchr=yes
ac_cv_func_strdup=yes
ac_cv_func_strerror=yes
ac_cv_func_strlcat=no
ac_cv_func_strlcpy=no
ac_cv_func_strspn=yes
ac_cv_func_strstr=yes
ac_cv_func_strtol=yes
ac_cv_func_syslog=yes
ac_cv_func_vsnprintf=yes
ac_cv_header_crypt_h=yes
ac_cv_header_db_h=yes
ac_cv_header_des_h=no
ac_cv_header_dirent_dirent_h=yes
ac_cv_header_dlfcn_h=yes
ac_cv_header_fcntl_h=yes
ac_cv_header_gssapi_gssapi_ext_h=no
ac_cv_header_gssapi_h=yes
ac_cv_header_inttypes_h=yes
ac_cv_header_krb5_h=yes
ac_cv_header_limits_h=yes
ac_cv_header_malloc_h=yes
ac_cv_header_memory_h=yes
ac_cv_header_openssl_des_h=yes
ac_cv_header_openssl_evp_h=yes
ac_cv_header_pam_pam_appl_h=no
ac_cv_header_paths_h=yes
ac_cv_header_security_pam_appl_h=yes
ac_cv_header_stdarg_h=yes
ac_cv_header_stdc=yes
ac_cv_header_stdint_h=yes
ac_cv_header_stdlib_h=yes
ac_cv_header_string_h=yes
ac_cv_header_strings_h=yes
ac_cv_header_sys_file_h=yes
ac_cv_header_sys_param_h=yes
ac_cv_header_sys_stat_h=yes
ac_cv_header_sys_time_h=yes
ac_cv_header_sys_types_h=yes
ac_cv_header_sys_uio_h=yes
ac_cv_header_sys_wait_h=yes
ac_cv_header_sysexits_h=yes
ac_cv_header_syslog_h=yes
ac_cv_header_time=yes
ac_cv_header_unistd_h=yes
ac_cv_header_varargs_h=no
ac_cv_host=x86_64-unknown-linux-gnu
ac_cv_lib_crypt_crypt=yes
ac_cv_lib_crypto_DES_cbc_encrypt=yes
ac_cv_lib_crypto_EVP_DigestInit=yes
ac_cv_lib_crypto_des_cbc_encrypt=no
ac_cv_lib_dl_dlopen=yes
ac_cv_lib_gssapi_gss_unwrap=no
ac_cv_lib_gssapi_krb5_gss_unwrap=yes
ac_cv_lib_inet6_gai_strerror=no
ac_cv_lib_inet6_getaddrinfo=no
ac_cv_lib_inet6_getnameinfo=no
ac_cv_lib_krb5support_krb5int_getspecific=yes
ac_cv_lib_ldap_ldap_initialize=yes
ac_cv_lib_opie_opiechallenge=no
ac_cv_lib_pam_pam_start=yes
ac_cv_lib_resolv_inet_aton=yes
ac_cv_lib_resolv_res_search=no
ac_cv_lib_rsaref_RSAPublicEncrypt=no
ac_cv_lib_socket_gai_strerror=no
ac_cv_lib_socket_getaddrinfo=no
ac_cv_lib_socket_getnameinfo=no
ac_cv_objext=o
ac_cv_path_EGREP='/bin/grep -E'
ac_cv_path_GREP=/bin/grep
ac_cv_path_LD=/usr/bin/ld
ac_cv_path_NM='/usr/bin/nm -B'
ac_cv_path_install='/usr/bin/install -c'
ac_cv_path_mkdir=/bin/mkdir
ac_cv_prog_AWK=gawk
ac_cv_prog_CPP='gcc -E'
ac_cv_prog_NM='/usr/bin/nm -B'
ac_cv_prog_ac_ct_CC=gcc
ac_cv_prog_ac_ct_RANLIB=ranlib
ac_cv_prog_cc_c89=
ac_cv_prog_cc_g=yes
ac_cv_prog_gnu_ld=yes
ac_cv_prog_make_make_set=yes
ac_cv_search_opendir='none required'
ac_cv_sizeof_long=8
ac_cv_target=x86_64-unknown-linux-gnu
ac_cv_type_mode_t=yes
ac_cv_type_pid_t=yes
ac_cv_type_signal=void
am_cv_CC_dependencies_compiler_type=gcc3
andrew_cv_runpath_switch=-Wl,-rpath,
ipv6_cv_gai_strerror=yes
ipv6_cv_getaddrinfo=yes
ipv6_cv_getnameinfo=yes
ipv6_cv_sa_len=no
ipv6_cv_socklen_t=yes
ipv6_cv_ss_family=yes
sasl_cv_getaddrinfo=no
sasl_cv_getnameinfo=no
sasl_cv_getsubopt=no
sasl_cv_snprintf=no
sasl_cv_uscore=no

## ----------------- ##
## Output variables. ##
## ----------------- ##

ACLOCAL='${SHELL} /root/cyrus-sasl-2.1.25/config/missing --run aclocal-1.11 -I $(top_srcdir)/cmulocal -I $(top_srcdir)/config'
AMDEPBACKSLASH='\'
AMDEP_FALSE='#'
AMDEP_TRUE=''
AMTAR='${SHELL} /root/cyrus-sasl-2.1.25/config/missing --run tar'
AUTOCONF='${SHELL} /root/cyrus-sasl-2.1.25/config/missing --run autoconf'
AUTOHEADER='${SHELL} /root/cyrus-sasl-2.1.25/config/missing --run autoheader'
AUTOMAKE='${SHELL} /root/cyrus-sasl-2.1.25/config/missing --run automake-1.11'
AWK='gawk'
CC='gcc'
CCDEPMODE='depmode=gcc3'
CFLAGS='-Wall -W -g -O2'
CMU_LIB_SUBDIR='lib64'
CPP='gcc -E'
CPPFLAGS='  -DOBSOLETE_CRAM_ATTR=1'
CYGPATH_W='echo'
DEFS='-DHAVE_CONFIG_H'
DEPDIR='.deps'
DIRS=''
DMALLOC_LIBS=''
ECHO_C=''
ECHO_N='-n'
ECHO_T=''
EGREP='/bin/grep -E'
EXEEXT=''
GETADDRINFOOBJS=''
GETNAMEINFOOBJS=''
GETSUBOPT=''
GREP='/bin/grep'
GSSAPIBASE_LIBS=' -lgssapi_krb5 -lkrb5 -lk5crypto -lcom_err -lkrb5support'
GSSAPI_LIBS=''
INSTALL_DATA='${INSTALL} -m 644'
INSTALL_PROGRAM='${INSTALL}'
INSTALL_SCRIPT='${INSTALL}'
INSTALL_STRIP_PROGRAM='$(install_sh) -c -s'
IPCTYPE='unix'
JAVAC='true'
JAVADOC='true'
JAVAH='true'
JAVAROOT=''
JAVA_FALSE=''
JAVA_INCLUDES=''
JAVA_TRUE='#'
LDFLAGS=''
LIBOBJS=''
LIBS='-lresolv  '
LIBTOOL='$(SHELL) $(top_builddir)/libtool'
LIB_CRYPT='-lcrypt'
LIB_DES='-lcrypto'
LIB_DOOR=''
LIB_LDAP=''
LIB_MYSQL=''
LIB_PGSQL=''
LIB_SOCKET=''
LIB_SQLITE3=''
LIB_SQLITE=''
LN_S='ln -s'
LTGETADDRINFOOBJS=''
LTGETNAMEINFOOBJS=''
LTLIBOBJS=''
LTSNPRINTFOBJS=''
MACOSX_FALSE=''
MACOSX_TRUE='#'
MAKEINFO='${SHELL} /root/cyrus-sasl-2.1.25/config/missing --run makeinfo'
MKDIR_P='/bin/mkdir -p'
NM='/usr/bin/nm -B'
NO_SASL_DB_MANS_FALSE=''
NO_SASL_DB_MANS_TRUE='#'
NTLM_LIBS=''
OBJEXT='o'
OTP_LIBS='-lcrypto '
PACKAGE='cyrus-sasl'
PACKAGE_BUGREPORT=''
PACKAGE_NAME=''
PACKAGE_STRING=''
PACKAGE_TARNAME=''
PACKAGE_VERSION=''
PASSDSS_LIBS=''
PATH_SEPARATOR=':'
PLAIN_LIBS='-lcrypt'
PURECOV=''
PURIFY=''
PWCHECKMETH=''
PWCHECK_FALSE=''
PWCHECK_TRUE='#'
RANLIB='ranlib'
SAMPLE_FALSE=''
SAMPLE_TRUE='#'
SASLAUTHD_FALSE='#'
SASLAUTHD_TRUE=''
SASL_DB_BACKEND='db_berkeley.lo'
SASL_DB_BACKEND_STATIC='db_berkeley.o allockey.o'
SASL_DB_INC=''
SASL_DB_LIB=' -ldb-4.3'
SASL_DB_MANS='saslpasswd2.8 sasldblistusers2.8'
SASL_DB_UTILS='saslpasswd2 sasldblistusers2'
SASL_DL_LIB='-ldl'
SASL_KRB_LIB=''
SASL_MECHS=' libsasldb.la libcrammd5.la libdigestmd5.la libscram.la libotp.la libgssapiv2.la libplain.la libanonymous.la'
SASL_STATIC_LIBS=''
SASL_STATIC_OBJS=' gssapi.o'
SASL_STATIC_SRCS=' $(top_srcdir)/plugins/gssapi.c'
SASL_UTIL_HEADERS_EXTRA=''
SASL_UTIL_LIBS_EXTRA=''
SCRAM_LIBS='-lcrypto '
SET_MAKE=''
SFIO_INC_FLAGS=''
SFIO_LIB_FLAGS=''
SHELL='/bin/sh'
SMTPTEST_PROGRAM=''
SNPRINTFOBJS=''
SRP_LIBS=''
STRIP=''
VERSION='2.1.25'
ac_ct_CC='gcc'
am__EXEEXT_FALSE=''
am__EXEEXT_TRUE='#'
am__fastdepCC_FALSE='#'
am__fastdepCC_TRUE=''
am__include='include'
am__isrc=''
am__leading_dot='.'
am__quote=''
am__tar='${AMTAR} chof - "$$tardir"'
am__untar='${AMTAR} xf -'
bindir='${exec_prefix}/bin'
build='x86_64-unknown-linux-gnu'
build_alias=''
build_cpu='x86_64'
build_os='linux-gnu'
build_vendor='unknown'
configdir='/usr/lib/sasl2:/etc/sasl2'
datadir='${datarootdir}'
datarootdir='${prefix}/share'
docdir='${datarootdir}/doc/${PACKAGE}'
dvidir='${docdir}'
exec_prefix='${prefix}'
host='x86_64-unknown-linux-gnu'
host_alias=''
host_cpu='x86_64'
host_os='linux-gnu'
host_vendor='unknown'
htmldir='${docdir}'
includedir='${prefix}/include'
infodir='${datarootdir}/info'
install_sh='${SHELL} /root/cyrus-sasl-2.1.25/config/install-sh'
libdir='${exec_prefix}/lib'
libexecdir='${exec_prefix}/libexec'
localedir='${datarootdir}/locale'
localstatedir='${prefix}/var'
mandir='${datarootdir}/man'
mkdir_p='/bin/mkdir -p'
oldincludedir='/usr/include'
pdfdir='${docdir}'
plugindir='/usr/lib/sasl2'
prefix='/usr/local'
program_transform_name='s,x,x,'
psdir='${docdir}'
sbindir='${exec_prefix}/sbin'
sharedstatedir='${prefix}/com'
subdirs=' saslauthd'
sysconfdir='${prefix}/etc'
target='x86_64-unknown-linux-gnu'
target_alias=''
target_cpu='x86_64'
target_os='linux-gnu'
target_vendor='unknown'

## ----------- ##
## confdefs.h. ##
## ----------- ##

#define PACKAGE_NAME ""
#define PACKAGE_TARNAME ""
#define PACKAGE_VERSION ""
#define PACKAGE_STRING ""
#define PACKAGE_BUGREPORT ""
#define PACKAGE "cyrus-sasl"
#define VERSION "2.1.25"
#define HAVE___ATTRIBUTE__ 1
#define SASL_DB_PATH "/etc/sasldb2"
#define STDC_HEADERS 1
#define HAVE_SYS_TYPES_H 1
#define HAVE_SYS_STAT_H 1
#define HAVE_STDLIB_H 1
#define HAVE_STRING_H 1
#define HAVE_MEMORY_H 1
#define HAVE_STRINGS_H 1
#define HAVE_INTTYPES_H 1
#define HAVE_STDINT_H 1
#define HAVE_UNISTD_H 1
#define SASL_BERKELEYDB /**/
#define SASL_DEV_RANDOM "/dev/random"
#define HAVE_SYSLOG 1
#define HAVE_SECURITY_PAM_APPL_H 1
#define HAVE_SASLAUTHD /**/
#define PATH_SASLAUTHD_RUNDIR "/var/state/saslauthd"
#define HAVE_AUTHDAEMON /**/
#define PATH_AUTHDAEMON_SOCKET "/dev/null"
#define DO_SASL_CHECKAPOP /**/
#define SIZEOF_LONG 8
#define HAVE_OPENSSL /**/
#define WITH_SSL_DES /**/
#define WITH_DES /**/
#define HAVE_GSSAPI_H /**/
#define HAVE_GSS_C_NT_HOSTBASED_SERVICE /**/
#define HAVE_GSS_C_NT_USER_NAME /**/
#define STATIC_GSSAPIV2 /**/
#define GSS_USE_MUTEXES /**/
#define DO_DLOPEN /**/
#define PLUGINDIR "/usr/lib/sasl2"
#define CONFIGDIR "/usr/lib/sasl2:/etc/sasl2"
#define WITH_RC4 /**/
#define HAVE_GETSUBOPT /**/
#define HAVE_SNPRINTF /**/
#define HAVE_VSNPRINTF /**/
#define HAVE_LIBRESOLV 1
#define HAVE_GETADDRINFO /**/
#define HAVE_GETNAMEINFO /**/
#define RETSIGTYPE void
#define TIME_WITH_SYS_TIME 1
#define STDC_HEADERS 1
#define HAVE_DIRENT_H 1
#define HAVE_SYS_WAIT_H 1
#define HAVE_DLFCN_H 1
#define HAVE_FCNTL_H 1
#define HAVE_LIMITS_H 1
#define HAVE_MALLOC_H 1
#define HAVE_PATHS_H 1
#define HAVE_STRINGS_H 1
#define HAVE_SYS_FILE_H 1
#define HAVE_SYS_TIME_H 1
#define HAVE_SYSLOG_H 1
#define HAVE_UNISTD_H 1
#define HAVE_INTTYPES_H 1
#define HAVE_SYS_UIO_H 1
#define HAVE_SYS_PARAM_H 1
#define HAVE_SYSEXITS_H 1
#define HAVE_STDARG_H 1
#define HAVE_SS_FAMILY /**/
#define HAVE_SOCKLEN_T /**/
#define HAVE_GETHOSTNAME 1
#define HAVE_GETDOMAINNAME 1
#define HAVE_GETPWNAM 1
#define HAVE_GETSPNAM 1
#define HAVE_GETTIMEOFDAY 1
#define HAVE_INET_ATON 1
#define HAVE_MEMCPY 1
#define HAVE_MKDIR 1
#define HAVE_SELECT 1
#define HAVE_SOCKET 1
#define HAVE_STRCHR 1
#define HAVE_STRDUP 1
#define HAVE_STRERROR 1
#define HAVE_STRSPN 1
#define HAVE_STRSTR 1
#define HAVE_STRTOL 1
#define HAVE_JRAND48 1
#define HAVE_STRUCT_SOCKADDR_STORAGE /**/

configure: exit 0
